W/dalvikvm: threadid=1: thread exiting with uncaught exception (group=0x4161cc08)
E/AndroidRuntime: FATAL EXCEPTION: main
                  Process: com.mitdroid.kenshi.mitdroid, PID: 22506
                  java.lang.IllegalStateException: Could not execute method of the activity
                      at android.view.View$1.onClick(View.java:3979)
                      at android.view.View.performClick(View.java:4652)
                      at android.view.View$PerformClick.run(View.java:19319)
                      at android.os.Handler.handleCallback(Handler.java:733)
                      at android.os.Handler.dispatchMessage(Handler.java:95)
                      at android.os.Looper.loop(Looper.java:146)
                      at android.app.ActivityThread.main(ActivityThread.java:5641)
                      at java.lang.reflect.Method.invokeNative(Native Method)
                      at java.lang.reflect.Method.invoke(Method.java:515)
                      at com.android.internal.os.ZygoteInit$MethodAndArgsCaller.run(ZygoteInit.java:1288)
                      at com.android.internal.os.ZygoteInit.main(ZygoteInit.java:1104)
                      at dalvik.system.NativeStart.main(Native Method)
                   Caused by: java.lang.reflect.InvocationTargetException
                      at java.lang.reflect.Method.invokeNative(Native Method)
                      at java.lang.reflect.Method.invoke(Method.java:515)
                      at android.view.View$1.onClick(View.java:3974)
                      at android.view.View.performClick(View.java:4652) 
                      at android.view.View$PerformClick.run(View.java:19319) 
                      at android.os.Handler.handleCallback(Handler.java:733) 
                      at android.os.Handler.dispatchMessage(Handler.java:95) 
                      at android.os.Looper.loop(Looper.java:146) 
                      at android.app.ActivityThread.main(ActivityThread.java:5641) 
                      at java.lang.reflect.Method.invokeNative(Native Method) 
                      at java.lang.reflect.Method.invoke(Method.java:515) 
                      at com.android.internal.os.ZygoteInit$MethodAndArgsCaller.run(ZygoteInit.java:1288) 
                      at com.android.internal.os.ZygoteInit.main(ZygoteInit.java:1104) 
                      at dalvik.system.NativeStart.main(Native Method) 
                   Caused by: java.lang.NullPointerException
                      at com.mitdroid.kenshi.mitdroid.midDroidScreenActivity.scanLocalNetwork(midDroidScreenActivity.java:164)
                      at java.lang.reflect.Method.invokeNative(Native Method) 
                      at java.lang.reflect.Method.invoke(Method.java:515) 
                      at android.view.View$1.onClick(View.java:3974) 
                      at android.view.View.performClick(View.java:4652) 
                      at android.view.View$PerformClick.run(View.java:19319) 
                      at android.os.Handler.handleCallback(Handler.java:733) 
                      at android.os.Handler.dispatchMessage(Handler.java:95) 
                      at android.os.Looper.loop(Looper.java:146) 
                      at android.app.ActivityThread.main(ActivityThread.java:5641) 
                      at java.lang.reflect.Method.invokeNative(Native Method) 
                      at java.lang.reflect.Method.invoke(Method.java:515) 
                      at com.android.internal.os.ZygoteInit$MethodAndArgsCaller.run(ZygoteInit.java:1288) 
                      at com.android.internal.os.ZygoteInit.main(ZygoteInit.java:1104) 
                      at dalvik.system.NativeStart.main(Native Method) 

